** Comfy Deploy Revision: 19236edfa4d2f66070d66a6b3aee592c9c2ad574
[ComfyUI-Grounding] PreStartup Script Running...
[ComfyUI-Grounding] Checking assets...
[ComfyUI-Grounding] Target input directory: E:\python-projects\custom-wan\ComfyUI\input
[ComfyUI-Grounding]   Skipped (exists): brekkie.jpg
[ComfyUI-Grounding]   Skipped (exists): plantpot.png
[ComfyUI-Grounding] Processing subdirectory: tobatch/
[ComfyUI-Grounding]   Skipped (exists): tobatch\1.jpg
[ComfyUI-Grounding]   Skipped (exists): tobatch\2.jpg
[ComfyUI-Grounding]   Skipped (exists): tobatch\3.jpg
[ComfyUI-Grounding]   Skipped (exists): tobatch\4.jpg
[ComfyUI-Grounding] [INFO] Skipped 6 file(s) (already exist)
[ComfyUI-Grounding] [OK] PreStartup initialization complete
[START] Security scan
[DONE] Security scan
## ComfyUI-Manager: installing dependencies done.
** ComfyUI startup time: 2026-04-07 14:14:41.037
** Platform: Windows
** Python version: 3.10.11 (tags/v3.10.11:7d4cc5a, Apr  5 2023, 00:38:17) [MSC v.1929 64 bit (AMD64)]
** Python executable: E:\python-projects\custom-wan\ComfyUI\.venv\Scripts\python.exe
** ComfyUI Path: E:\python-projects\custom-wan\ComfyUI
** ComfyUI Base Folder Path: E:\python-projects\custom-wan\ComfyUI
** User directory: E:\python-projects\custom-wan\ComfyUI\user
** ComfyUI-Manager config path: E:\python-projects\custom-wan\ComfyUI\user\__manager\config.ini
** Log path: E:\python-projects\custom-wan\ComfyUI\user\comfyui.log
--- 正在加载 ComfyUI_AIIA 自定义节点包 ---
错误: 在 aiia_personalive_nodes (.aiia_personalive_nodes) 导入或处理过程中发生错误: Failed to import diffusers.models.autoencoders.autoencoder_kl because of the following error (look up to see its traceback):
DLL load failed while importing _C_flashattention: The specified procedure could not be found.
[AIIA Debug] audio2motion loaded from: E:\python-projects\custom-wan\ComfyUI\custom_nodes\aiia\libs\Ditto\core\atomic_components\audio2motion.py
[AIIA ASR] 警告: funasr 模型目录不存在: E:\python-projects\custom-wan\ComfyUI\models\funasr
--- ComfyUI_AIIA 自定义节点包: 成功处理导入。最终 NODE_CLASS_MAPPINGS 包含 50 个条目 ---
[37m[1m[AudioBatch] Registering 17 node(s) for version 1.3.1.[0m
Web extensions folder found at E:\python-projects\custom-wan\ComfyUI\web\extensions\ComfyLiterals
[AnimateDiff] - [0;31mERROR[0m - No models available. Please download one and put it in models folder
Adding E:\python-projects\custom-wan\ComfyUI\custom_nodes to sys.path
[36mEfficiency Nodes:[0m Attempting to add Control Net options to the 'HiRes-Fix Script' Node (comfyui_controlnet_aux add-on)...[92mSuccess![0m
Loaded Efficiency nodes from E:\python-projects\custom-wan\ComfyUI\custom_nodes\efficiency-nodes-comfyui
Loaded comfyui_controlnet_aux nodes from E:\python-projects\custom-wan\ComfyUI\custom_nodes\comfyui_controlnet_aux
Loaded AdvancedControlNet nodes from E:\python-projects\custom-wan\ComfyUI\custom_nodes\comfyui-advanced-controlnet
Loaded AnimateDiff from E:\python-projects\custom-wan\ComfyUI\custom_nodes\comfyui-animatediff\animatediff/sliding_schedule.py
Loaded IPAdapter nodes from E:\python-projects\custom-wan\ComfyUI\custom_nodes\ComfyUI_IPAdapter_plus
Loaded VideoHelperSuite from E:\python-projects\custom-wan\ComfyUI\custom_nodes\ComfyUI-VideoHelperSuite
Loaded ImpactPack nodes from E:\python-projects\custom-wan\ComfyUI\custom_nodes\comfyui-impact-pack
ComfyUI Audio Quality Enhancer: Successfully loaded nodes
Available nodes: ['AudioQualityEnhancer', 'AudioQualityEffects']
[Crystools [0;32mINFO[0m] Crystools version: 1.27.4
[Crystools [0;32mINFO[0m] Platform release: 10
[Crystools [0;32mINFO[0m] JETSON: Not detected.
[Crystools [0;32mINFO[0m] CPU: 13th Gen Intel(R) Core(TM) i9-13900K - Arch: AMD64 - OS: Windows 10
[Crystools [0;32mINFO[0m] pynvml (NVIDIA) initialized.
[Crystools [0;32mINFO[0m] GPU/s:
[Crystools [0;32mINFO[0m] 0) NVIDIA GeForce RTX 4090
[Crystools [0;32mINFO[0m] NVIDIA Driver: 581.57
E:\python-projects\custom-wan\ComfyUI\models\deepfuze
max_retries: 5, retry_delay_multiplier: 2.0
[ComfyUI-DepthAnythingV3] Initializing custom node...
[ComfyUI-DepthAnythingV3] [OK] Node classes imported successfully
[ComfyUI-DepthAnythingV3] [OK] Loaded successfully!
documents.core.js found at E:\python-projects\custom-wan\ComfyUI\custom_nodes\ComfyUI-Documents\web\js\documents.core.js
Module 'diffusers' load failed. If you don't have it installed, do it:
pip install diffusers
[ComfyUI-Easy-Use] server: v1.3.6 Loaded
[ComfyUI-Easy-Use] web root: E:\python-projects\custom-wan\ComfyUI\custom_nodes\comfyui-easy-use\web_version/v2 Loaded
Looking in indexes: https://pypi.org/simple, https://pypi.ngc.nvidia.com
Requirement already satisfied: easyocr in e:\python-projects\custom-wan\comfyui\.venv\lib\site-packages (from -r requirements.txt (line 1)) (1.7.1)
Requirement already satisfied: torch in e:\python-projects\custom-wan\comfyui\.venv\lib\site-packages (from easyocr->-r requirements.txt (line 1)) (2.5.1+cu121)
Requirement already satisfied: torchvision>=0.5 in e:\python-projects\custom-wan\comfyui\.venv\lib\site-packages (from easyocr->-r requirements.txt (line 1)) (0.20.1+cu121)
Requirement already satisfied: opencv-python-headless in e:\python-projects\custom-wan\comfyui\.venv\lib\site-packages (from easyocr->-r requirements.txt (line 1)) (4.10.0.84)
Requirement already satisfied: scipy in e:\python-projects\custom-wan\comfyui\.venv\lib\site-packages (from easyocr->-r requirements.txt (line 1)) (1.15.0)
Requirement already satisfied: numpy in e:\python-projects\custom-wan\comfyui\.venv\lib\site-packages (from easyocr->-r requirements.txt (line 1)) (2.2.6)
Requirement already satisfied: Pillow in e:\python-projects\custom-wan\comfyui\.venv\lib\site-packages (from easyocr->-r requirements.txt (line 1)) (12.0.0)
Requirement already satisfied: scikit-image in e:\python-projects\custom-wan\comfyui\.venv\lib\site-packages (from easyocr->-r requirements.txt (line 1)) (0.25.2)
Requirement already satisfied: python-bidi in e:\python-projects\custom-wan\comfyui\.venv\lib\site-packages (from easyocr->-r requirements.txt (line 1)) (0.6.7)
Requirement already satisfied: PyYAML in e:\python-projects\custom-wan\comfyui\.venv\lib\site-packages (from easyocr->-r requirements.txt (line 1)) (6.0.3)
Requirement already satisfied: Shapely in e:\python-projects\custom-wan\comfyui\.venv\lib\site-packages (from easyocr->-r requirements.txt (line 1)) (2.1.2)
Requirement already satisfied: pyclipper in e:\python-projects\custom-wan\comfyui\.venv\lib\site-packages (from easyocr->-r requirements.txt (line 1)) (1.3.0.post6)
Requirement already satisfied: ninja in e:\python-projects\custom-wan\comfyui\.venv\lib\site-packages (from easyocr->-r requirements.txt (line 1)) (1.11.1.4)
Requirement already satisfied: filelock in e:\python-projects\custom-wan\comfyui\.venv\lib\site-packages (from torch->easyocr->-r requirements.txt (line 1)) (3.20.0)
Requirement already satisfied: typing-extensions>=4.8.0 in e:\python-projects\custom-wan\comfyui\.venv\lib\site-packages (from torch->easyocr->-r requirements.txt (line 1)) (4.15.0)
Requirement already satisfied: networkx in e:\python-projects\custom-wan\comfyui\.venv\lib\site-packages (from torch->easyocr->-r requirements.txt (line 1)) (3.4.2)
Requirement already satisfied: jinja2 in e:\python-projects\custom-wan\comfyui\.venv\lib\site-packages (from torch->easyocr->-r requirements.txt (line 1)) (3.1.6)
Requirement already satisfied: fsspec in e:\python-projects\custom-wan\comfyui\.venv\lib\site-packages (from torch->easyocr->-r requirements.txt (line 1)) (2025.12.0)
Requirement already satisfied: sympy==1.13.1 in e:\python-projects\custom-wan\comfyui\.venv\lib\site-packages (from torch->easyocr->-r requirements.txt (line 1)) (1.13.1)
Requirement already satisfied: mpmath<1.4,>=1.1.0 in e:\python-projects\custom-wan\comfyui\.venv\lib\site-packages (from sympy==1.13.1->torch->easyocr->-r requirements.txt (line 1)) (1.3.0)
Requirement already satisfied: MarkupSafe>=2.0 in e:\python-projects\custom-wan\comfyui\.venv\lib\site-packages (from jinja2->torch->easyocr->-r requirements.txt (line 1)) (3.0.2)
Requirement already satisfied: imageio!=2.35.0,>=2.33 in e:\python-projects\custom-wan\comfyui\.venv\lib\site-packages (from scikit-image->easyocr->-r requirements.txt (line 1)) (2.37.2)
Requirement already satisfied: tifffile>=2022.8.12 in e:\python-projects\custom-wan\comfyui\.venv\lib\site-packages (from scikit-image->easyocr->-r requirements.txt (line 1)) (2025.5.10)
Requirement already satisfied: packaging>=21 in e:\python-projects\custom-wan\comfyui\.venv\lib\site-packages (from scikit-image->easyocr->-r requirements.txt (line 1)) (26.0)
Requirement already satisfied: lazy-loader>=0.4 in e:\python-projects\custom-wan\comfyui\.venv\lib\site-packages (from scikit-image->easyocr->-r requirements.txt (line 1)) (0.4)
✗ RIFE not available. Will auto-download on first use.
✗ FILM not available. Will auto-download on first use.
F5TTS. Checking out submodules
